E:\PROJECT\C++\VIS-SOCKET\VIS\VIS\DEBUG\CAMERAMAP.OBJ
E:\PROJECT\C++\VIS-SOCKET\VIS\VIS\DEBUG\COMMAND.OBJ
E:\PROJECT\C++\VIS-SOCKET\VIS\VIS\DEBUG\COMMON.OBJ
E:\PROJECT\C++\VIS-SOCKET\VIS\VIS\DEBUG\DATAPARMS.OBJ
E:\PROJECT\C++\VIS-SOCKET\VIS\VIS\DEBUG\JSON.OBJ
E:\PROJECT\C++\VIS-SOCKET\VIS\VIS\DEBUG\JSONVALUE.OBJ
E:\PROJECT\C++\VIS-SOCKET\VIS\VIS\DEBUG\LOG.OBJ
E:\PROJECT\C++\VIS-SOCKET\VIS\VIS\DEBUG\PORT.OBJ
E:\PROJECT\C++\VIS-SOCKET\VIS\VIS\DEBUG\PROGRAM.OBJ
E:\PROJECT\C++\VIS-SOCKET\VIS\VIS\DEBUG\SERVER.OBJ
E:\PROJECT\C++\VIS-SOCKET\VIS\VIS\DEBUG\SOCKETSINTERFACE.OBJ
E:\PROJECT\C++\VIS-SOCKET\VIS\VIS\DEBUG\TAKEPHOTOPARMS.OBJ
E:\PROJECT\C++\VIS-SOCKET\VIS\VIS\DEBUG\VIBASE.OBJ
E:\PROJECT\C++\VIS-SOCKET\VIS\VIS\DEBUG\VIBUSSINESS.OBJ
E:\PROJECT\C++\VIS-SOCKET\VIS\VIS\DEBUG\VC110.PDB
E:\project\C++\VIS-Socket\VIS\VIS\Debug\CameraMap.obj
E:\project\C++\VIS-Socket\VIS\VIS\Debug\Command.obj
E:\project\C++\VIS-Socket\VIS\VIS\Debug\Common.obj
E:\project\C++\VIS-Socket\VIS\VIS\Debug\DataParms.obj
E:\project\C++\VIS-Socket\VIS\VIS\Debug\JSON.obj
E:\project\C++\VIS-Socket\VIS\VIS\Debug\JSONValue.obj
E:\project\C++\VIS-Socket\VIS\VIS\Debug\Log.obj
E:\project\C++\VIS-Socket\VIS\VIS\Debug\port.obj
E:\project\C++\VIS-Socket\VIS\VIS\Debug\Program.obj
E:\project\C++\VIS-Socket\VIS\VIS\Debug\Server.obj
E:\project\C++\VIS-Socket\VIS\VIS\Debug\SocketsInterface.obj
E:\project\C++\VIS-Socket\VIS\VIS\Debug\TakePhotoParms.obj
E:\project\C++\VIS-Socket\VIS\VIS\Debug\VIBase.obj
E:\project\C++\VIS-Socket\VIS\VIS\Debug\VIBussiness.obj
E:\project\C++\VIS-Socket\VIS\VIS\Debug\cl.command.1.tlog
E:\project\C++\VIS-Socket\VIS\VIS\Debug\CL.read.1.tlog
E:\project\C++\VIS-Socket\VIS\VIS\Debug\CL.write.1.tlog
E:\project\C++\VIS-Socket\VIS\VIS\Debug\vc110.idb
E:\project\C++\VIS-Socket\VIS\VIS\Debug\vc110.pdb
