d:\workspace\project\ecdts\vis\vis\x64\release\vc141.pdb
d:\workspace\project\ecdts\vis\vis\x64\release\mymessagebox.obj
d:\workspace\project\ecdts\vis\vis\x64\release\md5encode.obj
d:\workspace\project\ecdts\vis\vis\x64\release\log.obj
d:\workspace\project\ecdts\vis\vis\x64\release\jsonvalue.obj
d:\workspace\project\ecdts\vis\vis\x64\release\json.obj
d:\workspace\project\ecdts\vis\vis\x64\release\ftpclient.obj
d:\workspace\project\ecdts\vis\vis\x64\release\filehelper.obj
d:\workspace\project\ecdts\vis\vis\x64\release\ffmpegdecoder.obj
d:\workspace\project\ecdts\vis\vis\x64\release\echoservice.obj
d:\workspace\project\ecdts\vis\vis\x64\release\date.obj
d:\workspace\project\ecdts\vis\vis\x64\release\dataparms.obj
d:\workspace\project\ecdts\vis\vis\x64\release\common.obj
d:\workspace\project\ecdts\vis\vis\x64\release\command.obj
d:\workspace\project\ecdts\vis\vis\x64\release\colorargument.obj
d:\workspace\project\ecdts\vis\vis\x64\release\channelimg.obj
d:\workspace\project\ecdts\vis\vis\x64\release\channel.obj
d:\workspace\project\ecdts\vis\vis\x64\release\cameramap.obj
d:\workspace\project\ecdts\vis\vis\x64\release\cameragroupstatus.obj
d:\workspace\project\ecdts\vis\vis\x64\release\cameragroup.obj
d:\workspace\project\ecdts\vis\vis\x64\release\camera.obj
d:\workspace\project\ecdts\vis\vis\x64\release\vibase.obj
d:\workspace\project\ecdts\vis\vis\x64\release\tinyxmlparser.obj
d:\workspace\project\ecdts\vis\vis\x64\release\tinyxmlerror.obj
d:\workspace\project\ecdts\vis\vis\x64\release\tinyxml.obj
d:\workspace\project\ecdts\vis\vis\x64\release\tinystr.obj
d:\workspace\project\ecdts\vis\vis\x64\release\tankgroupstatus.obj
d:\workspace\project\ecdts\vis\vis\x64\release\tank.obj
d:\workspace\project\ecdts\vis\vis\x64\release\takephotoparms.obj
d:\workspace\project\ecdts\vis\vis\x64\release\tagstatus.obj
d:\workspace\project\ecdts\vis\vis\x64\release\storgeimgmap.obj
d:\workspace\project\ecdts\vis\vis\x64\release\socketsinterface.obj
d:\workspace\project\ecdts\vis\vis\x64\release\simulateddata.obj
d:\workspace\project\ecdts\vis\vis\x64\release\server.obj
d:\workspace\project\ecdts\vis\vis\x64\release\rtspchannel.obj
d:\workspace\project\ecdts\vis\vis\x64\release\readrtsp.obj
d:\workspace\project\ecdts\vis\vis\x64\release\program.obj
d:\workspace\project\ecdts\vis\vis\x64\release\port.obj
d:\workspace\project\ecdts\vis\vis\x64\release\person.obj
d:\workspace\project\ecdts\vis\vis\x64\release\overlayparms.obj
d:\workspace\project\ecdts\vis\vis\x64\release\zbase64.obj
d:\workspace\project\ecdts\vis\vis\x64\release\xmlconfig.obj
d:\workspace\project\ecdts\vis\vis\x64\release\vsparms.obj
d:\workspace\project\ecdts\vis\vis\x64\release\vivideodecoderinterface.obj
d:\workspace\project\ecdts\vis\vis\x64\release\visetting.obj
d:\workspace\project\ecdts\vis\vis\x64\release\vinotify.obj
d:\workspace\project\ecdts\vis\vis\x64\release\videoframerate.obj
d:\workspace\project\ecdts\vis\vis\x64\release\vicoreinterface.obj
d:\workspace\project\ecdts\vis\vis\x64\release\vibussiness.obj
d:\workspace\project\ecdts\vis\vis\x64\release\vis.tlog\cl.command.1.tlog
d:\workspace\project\ecdts\vis\vis\x64\release\vis.tlog\cl.read.1.tlog
d:\workspace\project\ecdts\vis\vis\x64\release\vis.tlog\cl.write.1.tlog
