d:\workspace\project\vis\vis\x64\debug\vc141.pdb
d:\workspace\project\vis\vis\x64\debug\vc141.idb
d:\workspace\project\vis\vis\x64\debug\server.obj
d:\workspace\project\vis\vis\x64\debug\simulateddata.obj
d:\workspace\project\vis\vis\x64\debug\socketsinterface.obj
d:\workspace\project\vis\vis\x64\debug\storgeimgmap.obj
d:\workspace\project\vis\vis\x64\debug\takephotoparms.obj
d:\workspace\project\vis\vis\x64\debug\tank.obj
d:\workspace\project\vis\vis\x64\debug\tinystr.obj
d:\workspace\project\vis\vis\x64\debug\tinyxml.obj
d:\workspace\project\vis\vis\x64\debug\tinyxmlerror.obj
d:\workspace\project\vis\vis\x64\debug\tinyxmlparser.obj
d:\workspace\project\vis\vis\x64\debug\uploadimage.obj
d:\workspace\project\vis\vis\x64\debug\vibase.obj
d:\workspace\project\vis\vis\x64\debug\vibussiness.obj
d:\workspace\project\vis\vis\x64\debug\vicoreinterface.obj
d:\workspace\project\vis\vis\x64\debug\vinotify.obj
d:\workspace\project\vis\vis\x64\debug\visetting.obj
d:\workspace\project\vis\vis\x64\debug\vivideodecoderinterface.obj
d:\workspace\project\vis\vis\x64\debug\vsparms.obj
d:\workspace\project\vis\vis\x64\debug\xmlconfig.obj
d:\workspace\project\vis\vis\x64\debug\zbase64.obj
d:\workspace\project\vis\vis\x64\debug\channel.obj
d:\workspace\project\vis\vis\x64\debug\channelimg.obj
d:\workspace\project\vis\vis\x64\debug\colorargument.obj
d:\workspace\project\vis\vis\x64\debug\command.obj
d:\workspace\project\vis\vis\x64\debug\common.obj
d:\workspace\project\vis\vis\x64\debug\dataparms.obj
d:\workspace\project\vis\vis\x64\debug\date.obj
d:\workspace\project\vis\vis\x64\debug\echoservice.obj
d:\workspace\project\vis\vis\x64\debug\ffmpegdecoder.obj
d:\workspace\project\vis\vis\x64\debug\filehelper.obj
d:\workspace\project\vis\vis\x64\debug\ftpclient.obj
d:\workspace\project\vis\vis\x64\debug\json.obj
d:\workspace\project\vis\vis\x64\debug\jsonvalue.obj
d:\workspace\project\vis\vis\x64\debug\log.obj
d:\workspace\project\vis\vis\x64\debug\mymessagebox.obj
d:\workspace\project\vis\vis\x64\debug\overlayparms.obj
d:\workspace\project\vis\vis\x64\debug\port.obj
d:\workspace\project\vis\vis\x64\debug\program.obj
d:\workspace\project\vis\vis\x64\debug\readrtsp.obj
d:\workspace\project\vis\vis\x64\debug\rtspchannel.obj
d:\workspace\project\vis\vis\x64\debug\camera.obj
d:\workspace\project\vis\vis\x64\debug\cameragroup.obj
d:\workspace\project\vis\vis\x64\debug\cameramap.obj
d:\workspace\project\vis\vis\x64\debug\cameragroupstatus.obj
d:\workspace\project\vis\vis\x64\debug\tankgroupstatus.obj
d:\workspace\project\vis\vis\x64\debug\videoframerate.obj
d:\workspace\project\vis\x64\debug\vis.exe
d:\workspace\project\vis\x64\debug\vis.ilk
d:\workspace\project\vis\x64\debug\vis.pdb
d:\workspace\project\ecdts\vis\vis\x64\debug\camera.obj
d:\workspace\project\ecdts\vis\vis\x64\debug\cameragroup.obj
d:\workspace\project\ecdts\vis\vis\x64\debug\cameragroupstatus.obj
d:\workspace\project\ecdts\vis\vis\x64\debug\cameramap.obj
d:\workspace\project\ecdts\vis\vis\x64\debug\channel.obj
d:\workspace\project\ecdts\vis\vis\x64\debug\channelimg.obj
d:\workspace\project\ecdts\vis\vis\x64\debug\colorargument.obj
d:\workspace\project\ecdts\vis\vis\x64\debug\command.obj
d:\workspace\project\ecdts\vis\vis\x64\debug\common.obj
d:\workspace\project\ecdts\vis\vis\x64\debug\dataparms.obj
d:\workspace\project\ecdts\vis\vis\x64\debug\date.obj
d:\workspace\project\ecdts\vis\vis\x64\debug\echoservice.obj
d:\workspace\project\ecdts\vis\vis\x64\debug\ffmpegdecoder.obj
d:\workspace\project\ecdts\vis\vis\x64\debug\filehelper.obj
d:\workspace\project\ecdts\vis\vis\x64\debug\ftpclient.obj
d:\workspace\project\ecdts\vis\vis\x64\debug\json.obj
d:\workspace\project\ecdts\vis\vis\x64\debug\jsonvalue.obj
d:\workspace\project\ecdts\vis\vis\x64\debug\log.obj
d:\workspace\project\ecdts\vis\vis\x64\debug\mymessagebox.obj
d:\workspace\project\ecdts\vis\vis\x64\debug\overlayparms.obj
d:\workspace\project\ecdts\vis\vis\x64\debug\port.obj
d:\workspace\project\ecdts\vis\vis\x64\debug\program.obj
d:\workspace\project\ecdts\vis\vis\x64\debug\readrtsp.obj
d:\workspace\project\ecdts\vis\vis\x64\debug\rtspchannel.obj
d:\workspace\project\ecdts\vis\vis\x64\debug\server.obj
d:\workspace\project\ecdts\vis\vis\x64\debug\simulateddata.obj
d:\workspace\project\ecdts\vis\vis\x64\debug\socketsinterface.obj
d:\workspace\project\ecdts\vis\vis\x64\debug\storgeimgmap.obj
d:\workspace\project\ecdts\vis\vis\x64\debug\takephotoparms.obj
d:\workspace\project\ecdts\vis\vis\x64\debug\tank.obj
d:\workspace\project\ecdts\vis\vis\x64\debug\tankgroupstatus.obj
d:\workspace\project\ecdts\vis\vis\x64\debug\tinystr.obj
d:\workspace\project\ecdts\vis\vis\x64\debug\tinyxml.obj
d:\workspace\project\ecdts\vis\vis\x64\debug\tinyxmlerror.obj
d:\workspace\project\ecdts\vis\vis\x64\debug\tinyxmlparser.obj
d:\workspace\project\ecdts\vis\vis\x64\debug\uploadimage.obj
d:\workspace\project\ecdts\vis\vis\x64\debug\vibase.obj
d:\workspace\project\ecdts\vis\vis\x64\debug\vibussiness.obj
d:\workspace\project\ecdts\vis\vis\x64\debug\vicoreinterface.obj
d:\workspace\project\ecdts\vis\vis\x64\debug\videoframerate.obj
d:\workspace\project\ecdts\vis\vis\x64\debug\vinotify.obj
d:\workspace\project\ecdts\vis\vis\x64\debug\visetting.obj
d:\workspace\project\ecdts\vis\vis\x64\debug\vivideodecoderinterface.obj
d:\workspace\project\ecdts\vis\vis\x64\debug\vsparms.obj
d:\workspace\project\ecdts\vis\vis\x64\debug\xmlconfig.obj
d:\workspace\project\ecdts\vis\vis\x64\debug\zbase64.obj
d:\workspace\project\ecdts\vis\vis\x64\debug\vc141.idb
d:\workspace\project\ecdts\vis\vis\x64\debug\vc141.pdb
d:\workspace\project\ecdts\vis\x64\debug\vis.pdb
d:\workspace\project\ecdts\vis\x64\debug\vis.exe
d:\workspace\project\ecdts\vis\x64\debug\vis.ilk
d:\workspace\project\ecdts\vis\vis\x64\debug\vis.tlog\cl.command.1.tlog
d:\workspace\project\ecdts\vis\vis\x64\debug\vis.tlog\cl.read.1.tlog
d:\workspace\project\ecdts\vis\vis\x64\debug\vis.tlog\cl.write.1.tlog
d:\workspace\project\ecdts\vis\vis\x64\debug\vis.tlog\link.command.1.tlog
d:\workspace\project\ecdts\vis\vis\x64\debug\vis.tlog\link.read.1.tlog
d:\workspace\project\ecdts\vis\vis\x64\debug\vis.tlog\link.write.1.tlog
